[INFO] MatchingQueue 2017-08-25 07:58:24
	155926425] 입장
[INFO] MatchingQueue 2017-08-25 07:58:24
	155926425] new
[INFO] MatchingQueue 2017-08-25 07:58:29
	126668992] 입장
[INFO] MatchingQueue 2017-08-25 07:58:29
	126668992] peer로 등록 - 155926425
[INFO] MatchingQueue 2017-08-25 07:58:34
	62084329] 입장
[INFO] MatchingQueue 2017-08-25 07:58:34
	62084329] peer로 등록 - 155926425
[INFO] MatchingQueue 2017-08-25 07:58:39
	1186061051] 입장
[INFO] MatchingQueue 2017-08-25 07:58:39
	155926425] 완성
[INFO] MatchingQueue 2017-08-25 08:43:59
	419306739] 입장
[INFO] MatchingQueue 2017-08-25 08:43:59
	419306739] new
[INFO] MatchingQueue 2017-08-25 08:44:04
	372892060] 입장
[INFO] MatchingQueue 2017-08-25 08:44:04
	372892060] peer로 등록 - 419306739
[INFO] MatchingQueue 2017-08-25 08:44:09
	302413699] 입장
[INFO] MatchingQueue 2017-08-25 08:44:09
	302413699] peer로 등록 - 419306739
[INFO] MatchingQueue 2017-08-25 08:44:14
	1459940263] 입장
[INFO] MatchingQueue 2017-08-25 08:44:14
	419306739] 완성
[INFO] MatchingQueue 2017-08-25 08:45:14
	1895682920] 입장
[INFO] MatchingQueue 2017-08-25 08:45:14
	1895682920] new
[INFO] MatchingQueue 2017-08-25 08:45:19
	2117739271] 입장
[INFO] MatchingQueue 2017-08-25 08:45:19
	2117739271] peer로 등록 - 1895682920
[INFO] MatchingQueue 2017-08-25 08:48:22
	1895682920] 입장
[INFO] MatchingQueue 2017-08-25 08:48:22
	1895682920] new
[INFO] MatchingQueue 2017-08-25 08:49:03
	419306739] 입장
[INFO] MatchingQueue 2017-08-25 08:49:03
	419306739] new
[INFO] MatchingQueue 2017-08-25 08:49:08
	372892060] 입장
[INFO] MatchingQueue 2017-08-25 08:49:08
	372892060] peer로 등록 - 419306739
[INFO] MatchingQueue 2017-08-25 08:52:57
	1895682920] 입장
[INFO] MatchingQueue 2017-08-25 08:52:57
	1895682920] new
[INFO] MatchingQueue 2017-08-25 08:53:02
	2117739271] 입장
[INFO] MatchingQueue 2017-08-25 08:53:02
	2117739271] peer로 등록 - 1895682920
[INFO] MatchingQueue 2017-08-25 08:53:07
	2047195160] 입장
[INFO] MatchingQueue 2017-08-25 08:53:07
	2047195160] peer로 등록 - 1895682920
[INFO] MatchingQueue 2017-08-25 08:53:12
	1057433916] 입장
[INFO] MatchingQueue 2017-08-25 08:53:12
	1895682920] 완성
[INFO] MatchingQueue 2017-08-25 08:54:33
	911751237] 입장
[INFO] MatchingQueue 2017-08-25 08:54:33
	911751237] new
[INFO] MatchingQueue 2017-08-25 08:54:38
	949993726] 입장
[INFO] MatchingQueue 2017-08-25 08:54:38
	949993726] peer로 등록 - 911751237
[INFO] MatchingQueue 2017-08-25 08:55:12
	155926425] 입장
[INFO] MatchingQueue 2017-08-25 08:55:12
	155926425] new
[INFO] MatchingQueue 2017-08-25 08:55:12
	126668992] 입장
[INFO] MatchingQueue 2017-08-25 08:55:12
	126668992] peer로 등록 - 155926425
[INFO] MatchingQueue 2017-08-25 08:55:12
	62084329] 입장
[INFO] MatchingQueue 2017-08-25 08:55:12
	62084329] peer로 등록 - 155926425
[INFO] MatchingQueue 2017-08-25 08:55:12
	1186061051] 입장
[INFO] MatchingQueue 2017-08-25 08:55:12
	155926425] 완성
[INFO] MatchingQueue 2017-08-25 10:33:43
	758020207] 대기열 등록
[INFO] MatchingQueue 2017-08-25 10:33:43
	758020207] 신규 등록
[INFO] MatchingQueue 2017-08-25 10:33:43
	602506170] 대기열 등록
[INFO] MatchingQueue 2017-08-25 10:33:43
	602506170] 신규 등록
[INFO] MatchingQueue 2017-08-25 10:33:43
	668341023] 대기열 등록
[INFO] MatchingQueue 2017-08-25 10:33:43
	668341023] 신규 등록
[INFO] MatchingQueue 2017-08-25 10:33:43
	1658096001] 대기열 등록
[INFO] MatchingQueue 2017-08-25 10:33:43
	1658096001] 신규 등록
[INFO] MatchingQueue 2017-08-25 10:33:43
	1013414068] 대기열 등록
[INFO] MatchingQueue 2017-08-25 10:33:43
	758020207] 완성
[INFO] MatchingQueue 2017-08-25 10:33:43
	1400686801] 대기열 등록
[INFO] MatchingQueue 2017-08-25 10:33:43
	1400686801] 신규 등록
[INFO] MatchingQueue 2017-08-25 10:33:43
	1143301962] 대기열 등록
[INFO] MatchingQueue 2017-08-25 10:33:43
	1143301962] 신규 등록
[INFO] MatchingQueue 2017-08-25 10:33:43
	50034382] 대기열 등록
[INFO] MatchingQueue 2017-08-25 10:33:43
	50034382] 신규 등록
[INFO] MatchingQueue 2017-08-25 10:33:43
	98438397] 대기열 등록
[INFO] MatchingQueue 2017-08-25 10:33:43
	98438397] 신규 등록
[INFO] MatchingQueue 2017-08-25 10:33:43
	810641111] 대기열 등록
[INFO] MatchingQueue 2017-08-25 10:33:43
	810641111] 신규 등록
[INFO] MatchingQueue 2017-08-25 10:34:13
	602506170] 재등록
[INFO] MatchingQueue 2017-08-25 10:34:13
	668341023] 재등록
[INFO] MatchingQueue 2017-08-25 10:34:13
	602506170] 대기열 등록
[INFO] MatchingQueue 2017-08-25 10:34:13
	1658096001] 재등록
[INFO] MatchingQueue 2017-08-25 10:34:13
	98438397] 재등록
[INFO] MatchingQueue 2017-08-25 10:34:13
	50034382] 재등록
[INFO] MatchingQueue 2017-08-25 10:34:13
	1143301962] 재등록
[INFO] MatchingQueue 2017-08-25 10:34:13
	602506170] 신규 등록
[INFO] MatchingQueue 2017-08-25 10:34:13
	1400686801] 재등록
[INFO] MatchingQueue 2017-08-25 10:34:13
	668341023] 대기열 등록
[INFO] MatchingQueue 2017-08-25 10:34:13
	810641111] 재등록
[INFO] MatchingQueue 2017-08-25 10:34:13
	810641111] 완성
[INFO] MatchingQueue 2017-08-25 10:34:13
	1658096001] 대기열 등록
[INFO] MatchingQueue 2017-08-25 10:34:13
	1658096001] 신규 등록
[INFO] MatchingQueue 2017-08-25 10:34:13
	98438397] 대기열 등록
[INFO] MatchingQueue 2017-08-25 10:34:13
	98438397] 신규 등록
[INFO] MatchingQueue 2017-08-25 10:34:13
	50034382] 대기열 등록
[INFO] MatchingQueue 2017-08-25 10:34:13
	50034382] 신규 등록
[INFO] MatchingQueue 2017-08-25 10:34:13
	1143301962] 대기열 등록
[INFO] MatchingQueue 2017-08-25 10:34:13
	1143301962] 신규 등록
[INFO] MatchingQueue 2017-08-25 10:34:13
	1400686801] 대기열 등록
[INFO] MatchingQueue 2017-08-25 10:34:13
	1400686801] 신규 등록
[INFO] MatchingQueue 2017-08-25 10:34:13
	810641111] 대기열 등록
[INFO] MatchingQueue 2017-08-25 10:34:13
	668341023] 완성
[INFO] MatchingQueue 2017-08-25 10:44:04
	1066472300] 대기열 등록
[INFO] MatchingQueue 2017-08-25 10:44:04
	1066472300] 신규 등록
[INFO] MatchingQueue 2017-08-25 10:44:04
	827783918] 대기열 등록
[INFO] MatchingQueue 2017-08-25 10:44:04
	827783918] 신규 등록
[INFO] MatchingQueue 2017-08-25 10:44:04
	896104476] 대기열 등록
[INFO] MatchingQueue 2017-08-25 10:44:04
	896104476] 신규 등록
[INFO] MatchingQueue 2017-08-25 10:44:04
	1886122197] 대기열 등록
[INFO] MatchingQueue 2017-08-25 10:44:04
	1886122197] 신규 등록
[INFO] MatchingQueue 2017-08-25 10:44:04
	1196853191] 대기열 등록
[INFO] MatchingQueue 2017-08-25 10:44:04
	1196853191] 신규 등록
[INFO] MatchingQueue 2017-08-25 10:44:04
	1095861321] 대기열 등록
[INFO] MatchingQueue 2017-08-25 10:44:04
	1095861321] 신규 등록
[INFO] MatchingQueue 2017-08-25 10:44:04
	1065790951] 대기열 등록
[INFO] MatchingQueue 2017-08-25 10:44:04
	896104476] 완성
[INFO] MatchingQueue 2017-08-25 10:44:04
	272895898] 대기열 등록
[INFO] MatchingQueue 2017-08-25 10:44:04
	272895898] 신규 등록
[INFO] MatchingQueue 2017-08-25 10:44:04
	1675610858] 대기열 등록
[INFO] MatchingQueue 2017-08-25 10:44:04
	827783918] 완성
[INFO] MatchingQueue 2017-08-25 10:44:04
	786528532] 대기열 등록
[INFO] MatchingQueue 2017-08-25 10:44:04
	786528532] 신규 등록
[INFO] MatchingQueue 2017-08-25 10:44:34
	1066472300] 재등록
[INFO] MatchingQueue 2017-08-25 10:44:34
	1196853191] 재등록
[INFO] MatchingQueue 2017-08-25 10:44:34
	1066472300] 대기열 등록
[INFO] MatchingQueue 2017-08-25 10:44:34
	1886122197] 재등록
[INFO] MatchingQueue 2017-08-25 10:44:34
	1095861321] 재등록
[INFO] MatchingQueue 2017-08-25 10:44:34
	1066472300] 신규 등록
[INFO] MatchingQueue 2017-08-25 10:44:34
	272895898] 재등록
[INFO] MatchingQueue 2017-08-25 10:44:34
	1196853191] 대기열 등록
[INFO] MatchingQueue 2017-08-25 10:44:34
	786528532] 재등록
[INFO] MatchingQueue 2017-08-25 10:44:34
	1196853191] 신규 등록
[INFO] MatchingQueue 2017-08-25 10:44:34
	1886122197] 대기열 등록
[INFO] MatchingQueue 2017-08-25 10:44:34
	1886122197] 신규 등록
[INFO] MatchingQueue 2017-08-25 10:44:34
	1095861321] 대기열 등록
[INFO] MatchingQueue 2017-08-25 10:44:34
	1095861321] 신규 등록
[INFO] MatchingQueue 2017-08-25 10:44:34
	272895898] 대기열 등록
[INFO] MatchingQueue 2017-08-25 10:44:34
	272895898] 신규 등록
[INFO] MatchingQueue 2017-08-25 10:44:34
	786528532] 대기열 등록
[INFO] MatchingQueue 2017-08-25 10:44:34
	786528532] 신규 등록
[INFO] MatchingQueue 2017-08-25 10:45:04
	1066472300] 재등록
[INFO] MatchingQueue 2017-08-25 10:45:04
	1066472300] 대기열 등록
[INFO] MatchingQueue 2017-08-25 10:45:04
	1066472300] 신규 등록
[INFO] MatchingQueue 2017-08-25 10:45:04
	1196853191] 재등록
[INFO] MatchingQueue 2017-08-25 10:45:04
	1196853191] 대기열 등록
[INFO] MatchingQueue 2017-08-25 10:45:04
	1196853191] 신규 등록
[INFO] MatchingQueue 2017-08-25 10:45:04
	1886122197] 재등록
[INFO] MatchingQueue 2017-08-25 10:45:04
	1886122197] 대기열 등록
[INFO] MatchingQueue 2017-08-25 10:45:04
	1886122197] 신규 등록
[INFO] MatchingQueue 2017-08-25 10:45:04
	1095861321] 재등록
[INFO] MatchingQueue 2017-08-25 10:45:04
	1095861321] 대기열 등록
[INFO] MatchingQueue 2017-08-25 10:45:04
	1095861321] 신규 등록
[INFO] MatchingQueue 2017-08-25 10:45:04
	272895898] 재등록
[INFO] MatchingQueue 2017-08-25 10:45:04
	272895898] 대기열 등록
[INFO] MatchingQueue 2017-08-25 10:45:04
	272895898] 신규 등록
[INFO] MatchingQueue 2017-08-25 10:45:04
	786528532] 재등록
[INFO] MatchingQueue 2017-08-25 10:45:04
	786528532] 대기열 등록
[INFO] MatchingQueue 2017-08-25 10:45:04
	786528532] 신규 등록
[INFO] MatchingQueue 2017-08-25 10:45:34
	1066472300] 재등록
[INFO] MatchingQueue 2017-08-25 10:45:34
	1066472300] 대기열 등록
[INFO] MatchingQueue 2017-08-25 10:45:34
	1066472300] 신규 등록
[INFO] MatchingQueue 2017-08-25 10:45:34
	1886122197] 재등록
[INFO] MatchingQueue 2017-08-25 10:45:34
	1886122197] 대기열 등록
[INFO] MatchingQueue 2017-08-25 10:45:34
	1196853191] 재등록
[INFO] MatchingQueue 2017-08-25 10:45:34
	1886122197] 신규 등록
[INFO] MatchingQueue 2017-08-25 10:45:34
	1095861321] 재등록
[INFO] MatchingQueue 2017-08-25 10:45:34
	1196853191] 대기열 등록
[INFO] MatchingQueue 2017-08-25 10:45:34
	786528532] 재등록
[INFO] MatchingQueue 2017-08-25 10:45:34
	272895898] 재등록
[INFO] MatchingQueue 2017-08-25 10:45:34
	1196853191] 신규 등록
[INFO] MatchingQueue 2017-08-25 10:45:34
	1095861321] 대기열 등록
[INFO] MatchingQueue 2017-08-25 10:45:34
	1095861321] 신규 등록
[INFO] MatchingQueue 2017-08-25 10:45:34
	786528532] 대기열 등록
[INFO] MatchingQueue 2017-08-25 10:45:34
	786528532] 신규 등록
[INFO] MatchingQueue 2017-08-25 10:45:34
	272895898] 대기열 등록
[INFO] MatchingQueue 2017-08-25 10:45:34
	272895898] 신규 등록
[INFO] MatchingQueue 2017-08-25 10:48:56
	1526186385] 대기열 등록
[INFO] MatchingQueue 2017-08-25 10:48:56
	1526186385] 신규 등록
[INFO] MatchingQueue 2017-08-25 10:48:56
	1412441279] 대기열 등록
[INFO] MatchingQueue 2017-08-25 10:48:56
	1412441279] 신규 등록
[INFO] MatchingQueue 2017-08-25 10:48:56
	1343204065] 대기열 등록
[INFO] MatchingQueue 2017-08-25 10:48:56
	1343204065] 신규 등록
[INFO] MatchingQueue 2017-08-25 10:48:56
	353185412] 대기열 등록
[INFO] MatchingQueue 2017-08-25 10:48:56
	1526186385] 완성
[INFO] MatchingQueue 2017-08-25 10:48:56
	1905434365] 대기열 등록
[INFO] MatchingQueue 2017-08-25 10:48:56
	1905434365] 신규 등록
[INFO] MatchingQueue 2017-08-25 10:48:56
	609376684] 대기열 등록
[INFO] MatchingQueue 2017-08-25 10:48:56
	609376684] 신규 등록
[INFO] MatchingQueue 2017-08-25 10:48:56
	153597797] 대기열 등록
[INFO] MatchingQueue 2017-08-25 10:48:56
	1412441279] 완성
[INFO] MatchingQueue 2017-08-25 10:48:56
	1965216203] 대기열 등록
[INFO] MatchingQueue 2017-08-25 10:48:56
	1965216203] 신규 등록
[INFO] MatchingQueue 2017-08-25 10:48:56
	279108836] 대기열 등록
[INFO] MatchingQueue 2017-08-25 10:48:56
	279108836] 신규 등록
[INFO] MatchingQueue 2017-08-25 10:48:56
	638285925] 대기열 등록
[INFO] MatchingQueue 2017-08-25 10:48:56
	638285925] 신규 등록
[INFO] MatchingQueue 2017-08-25 10:49:26
	1343204065] 재등록
[INFO] MatchingQueue 2017-08-25 10:49:26
	1343204065] 대기열 등록
[INFO] MatchingQueue 2017-08-25 10:49:26
	609376684] 재등록
[INFO] MatchingQueue 2017-08-25 10:49:26
	1905434365] 재등록
[INFO] MatchingQueue 2017-08-25 10:49:26
	1965216203] 재등록
[INFO] MatchingQueue 2017-08-25 10:49:26
	638285925] 재등록
[INFO] MatchingQueue 2017-08-25 10:49:26
	1343204065] 신규 등록
[INFO] MatchingQueue 2017-08-25 10:49:26
	279108836] 재등록
[INFO] MatchingQueue 2017-08-25 10:49:26
	609376684] 대기열 등록
[INFO] MatchingQueue 2017-08-25 10:49:26
	609376684] 신규 등록
[INFO] MatchingQueue 2017-08-25 10:49:26
	1905434365] 대기열 등록
[INFO] MatchingQueue 2017-08-25 10:49:26
	1905434365] 신규 등록
[INFO] MatchingQueue 2017-08-25 10:49:26
	1965216203] 대기열 등록
[INFO] MatchingQueue 2017-08-25 10:49:26
	1965216203] 신규 등록
[INFO] MatchingQueue 2017-08-25 10:49:26
	638285925] 대기열 등록
[INFO] MatchingQueue 2017-08-25 10:49:26
	638285925] 신규 등록
[INFO] MatchingQueue 2017-08-25 10:49:26
	279108836] 대기열 등록
[INFO] MatchingQueue 2017-08-25 10:49:26
	279108836] 신규 등록
[INFO] MatchingQueue 2017-08-25 10:49:56
	1343204065] 재등록
[INFO] MatchingQueue 2017-08-25 10:49:56
	1343204065] 대기열 등록
[INFO] MatchingQueue 2017-08-25 10:49:56
	609376684] 재등록
[INFO] MatchingQueue 2017-08-25 10:49:56
	1343204065] 신규 등록
[INFO] MatchingQueue 2017-08-25 10:49:56
	609376684] 대기열 등록
[INFO] MatchingQueue 2017-08-25 10:49:56
	609376684] 신규 등록
[INFO] MatchingQueue 2017-08-25 10:49:56
	1965216203] 재등록
[INFO] MatchingQueue 2017-08-25 10:49:56
	1965216203] 대기열 등록
[INFO] MatchingQueue 2017-08-25 10:49:56
	1965216203] 신규 등록
[INFO] MatchingQueue 2017-08-25 10:49:56
	1905434365] 재등록
[INFO] MatchingQueue 2017-08-25 10:49:56
	1905434365] 대기열 등록
[INFO] MatchingQueue 2017-08-25 10:49:56
	1905434365] 신규 등록
[INFO] MatchingQueue 2017-08-25 10:49:56
	279108836] 재등록
[INFO] MatchingQueue 2017-08-25 10:49:56
	638285925] 재등록
[INFO] MatchingQueue 2017-08-25 10:49:56
	279108836] 대기열 등록
[INFO] MatchingQueue 2017-08-25 10:49:56
	279108836] 신규 등록
[INFO] MatchingQueue 2017-08-25 10:49:56
	638285925] 대기열 등록
[INFO] MatchingQueue 2017-08-25 10:49:56
	279108836] 완성
[INFO] MatchingQueue 2017-08-25 10:50:26
	1343204065] 재등록
[INFO] MatchingQueue 2017-08-25 10:50:26
	1343204065] 대기열 등록
[INFO] MatchingQueue 2017-08-25 10:50:26
	1343204065] 신규 등록
[INFO] MatchingQueue 2017-08-25 10:50:26
	609376684] 재등록
[INFO] MatchingQueue 2017-08-25 10:50:26
	609376684] 대기열 등록
[INFO] MatchingQueue 2017-08-25 10:50:26
	609376684] 신규 등록
[INFO] MatchingQueue 2017-08-25 10:50:26
	1965216203] 재등록
[INFO] MatchingQueue 2017-08-25 10:50:26
	1905434365] 재등록
[INFO] MatchingQueue 2017-08-25 10:50:26
	1965216203] 대기열 등록
[INFO] MatchingQueue 2017-08-25 10:50:26
	1965216203] 신규 등록
[INFO] MatchingQueue 2017-08-25 10:50:26
	1905434365] 대기열 등록
[INFO] MatchingQueue 2017-08-25 10:50:26
	1905434365] 신규 등록
[INFO] MatchingQueue 2017-08-25 10:50:56
	1343204065] 재등록
[INFO] MatchingQueue 2017-08-25 10:50:56
	1343204065] 대기열 등록
[INFO] MatchingQueue 2017-08-25 10:50:56
	1343204065] 신규 등록
[INFO] MatchingQueue 2017-08-25 10:50:56
	609376684] 재등록
[INFO] MatchingQueue 2017-08-25 10:50:56
	1965216203] 재등록
[INFO] MatchingQueue 2017-08-25 10:50:56
	1905434365] 재등록
[INFO] MatchingQueue 2017-08-25 10:50:56
	609376684] 대기열 등록
[INFO] MatchingQueue 2017-08-25 10:50:56
	609376684] 신규 등록
[INFO] MatchingQueue 2017-08-25 10:50:56
	1965216203] 대기열 등록
[INFO] MatchingQueue 2017-08-25 10:50:56
	1965216203] 신규 등록
[INFO] MatchingQueue 2017-08-25 10:50:56
	1905434365] 대기열 등록
[INFO] MatchingQueue 2017-08-25 10:50:56
	1905434365] 신규 등록
[INFO] MatchingQueue 2017-08-25 10:56:58
	725289764] 대기열 등록
[INFO] MatchingQueue 2017-08-25 10:56:58
	725289764] 신규 등록
[INFO] MatchingQueue 2017-08-25 10:56:58
	637329459] 대기열 등록
[INFO] MatchingQueue 2017-08-25 10:56:58
	725289764] 완성
[INFO] MatchingQueue 2017-08-25 10:56:58
	566452308] 대기열 등록
[INFO] MatchingQueue 2017-08-25 10:56:58
	566452308] 신규 등록
[INFO] MatchingQueue 2017-08-25 10:56:58
	1690429960] 대기열 등록
[INFO] MatchingQueue 2017-08-25 10:56:58
	1690429960] 신규 등록
[INFO] MatchingQueue 2017-08-25 10:56:58
	399552415] 대기열 등록
[INFO] MatchingQueue 2017-08-25 10:56:58
	399552415] 신규 등록
[INFO] MatchingQueue 2017-08-25 10:56:58
	1441736750] 대기열 등록
[INFO] MatchingQueue 2017-08-25 10:56:58
	1441736750] 신규 등록
[INFO] MatchingQueue 2017-08-25 10:56:58
	1863594759] 대기열 등록
[INFO] MatchingQueue 2017-08-25 10:56:58
	1863594759] 신규 등록
[INFO] MatchingQueue 2017-08-25 10:56:58
	82711879] 대기열 등록
[INFO] MatchingQueue 2017-08-25 10:56:58
	82711879] 신규 등록
[INFO] MatchingQueue 2017-08-25 10:56:58
	382795282] 대기열 등록
[INFO] MatchingQueue 2017-08-25 10:56:58
	382795282] 신규 등록
[INFO] MatchingQueue 2017-08-25 10:56:58
	986843838] 대기열 등록
[INFO] MatchingQueue 2017-08-25 10:56:58
	566452308] 완성
[INFO] MatchingQueue 2017-08-25 10:57:08
	399552415] 재등록
[INFO] MatchingQueue 2017-08-25 10:57:08
	1690429960] 재등록
[INFO] MatchingQueue 2017-08-25 10:57:08
	399552415] 대기열 등록
[INFO] MatchingQueue 2017-08-25 10:57:08
	399552415] 신규 등록
[INFO] MatchingQueue 2017-08-25 10:57:08
	82711879] 재등록
[INFO] MatchingQueue 2017-08-25 10:57:08
	382795282] 재등록
[INFO] MatchingQueue 2017-08-25 10:57:08
	1690429960] 대기열 등록
[INFO] MatchingQueue 2017-08-25 10:57:08
	1441736750] 재등록
[INFO] MatchingQueue 2017-08-25 10:57:08
	1863594759] 재등록
[INFO] MatchingQueue 2017-08-25 10:57:08
	1690429960] 신규 등록
[INFO] MatchingQueue 2017-08-25 10:57:08
	82711879] 대기열 등록
[INFO] MatchingQueue 2017-08-25 10:57:08
	82711879] 신규 등록
[INFO] MatchingQueue 2017-08-25 10:57:08
	382795282] 대기열 등록
[INFO] MatchingQueue 2017-08-25 10:57:08
	382795282] 신규 등록
[INFO] MatchingQueue 2017-08-25 10:57:08
	1441736750] 대기열 등록
[INFO] MatchingQueue 2017-08-25 10:57:08
	1441736750] 신규 등록
[INFO] MatchingQueue 2017-08-25 10:57:08
	1863594759] 대기열 등록
[INFO] MatchingQueue 2017-08-25 10:57:08
	1863594759] 신규 등록
[INFO] MatchingQueue 2017-08-25 10:57:18
	399552415] 재등록
[INFO] MatchingQueue 2017-08-25 10:57:18
	399552415] 대기열 등록
[INFO] MatchingQueue 2017-08-25 10:57:18
	1690429960] 재등록
[INFO] MatchingQueue 2017-08-25 10:57:18
	399552415] 신규 등록
[INFO] MatchingQueue 2017-08-25 10:57:18
	1690429960] 대기열 등록
[INFO] MatchingQueue 2017-08-25 10:57:18
	1690429960] 신규 등록
[INFO] MatchingQueue 2017-08-25 10:57:18
	382795282] 재등록
[INFO] MatchingQueue 2017-08-25 10:57:18
	1441736750] 재등록
[INFO] MatchingQueue 2017-08-25 10:57:18
	82711879] 재등록
[INFO] MatchingQueue 2017-08-25 10:57:18
	1863594759] 재등록
[INFO] MatchingQueue 2017-08-25 10:57:18
	382795282] 대기열 등록
[INFO] MatchingQueue 2017-08-25 10:57:18
	382795282] 신규 등록
[INFO] MatchingQueue 2017-08-25 10:57:18
	1441736750] 대기열 등록
[INFO] MatchingQueue 2017-08-25 10:57:18
	1441736750] 신규 등록
[INFO] MatchingQueue 2017-08-25 10:57:18
	82711879] 대기열 등록
[INFO] MatchingQueue 2017-08-25 10:57:18
	82711879] 신규 등록
[INFO] MatchingQueue 2017-08-25 10:57:18
	1863594759] 대기열 등록
[INFO] MatchingQueue 2017-08-25 10:57:18
	1863594759] 신규 등록
[INFO] MatchingQueue 2017-08-25 10:57:28
	399552415] 재등록
[INFO] MatchingQueue 2017-08-25 10:57:28
	399552415] 대기열 등록
[INFO] MatchingQueue 2017-08-25 10:57:28
	399552415] 신규 등록
[INFO] MatchingQueue 2017-08-25 10:57:28
	1690429960] 재등록
[INFO] MatchingQueue 2017-08-25 10:57:28
	1690429960] 대기열 등록
[INFO] MatchingQueue 2017-08-25 10:57:28
	1690429960] 신규 등록
[INFO] MatchingQueue 2017-08-25 10:57:28
	382795282] 재등록
[INFO] MatchingQueue 2017-08-25 10:57:28
	382795282] 대기열 등록
[INFO] MatchingQueue 2017-08-25 10:57:28
	1441736750] 재등록
[INFO] MatchingQueue 2017-08-25 10:57:28
	1863594759] 완성
[INFO] MatchingQueue 2017-08-25 10:57:28
	1441736750] 대기열 등록
[INFO] MatchingQueue 2017-08-25 10:57:28
	82711879] 재등록
[INFO] MatchingQueue 2017-08-25 10:57:28
	1441736750] 신규 등록
[INFO] MatchingQueue 2017-08-25 10:57:28
	82711879] 대기열 등록
[INFO] MatchingQueue 2017-08-25 10:57:28
	82711879] 신규 등록
[INFO] MatchingQueue 2017-08-25 10:57:38
	399552415] 재등록
[INFO] MatchingQueue 2017-08-25 10:57:38
	399552415] 대기열 등록
[INFO] MatchingQueue 2017-08-25 10:57:38
	399552415] 신규 등록
[INFO] MatchingQueue 2017-08-25 10:57:38
	1690429960] 재등록
[INFO] MatchingQueue 2017-08-25 10:57:38
	1690429960] 대기열 등록
[INFO] MatchingQueue 2017-08-25 10:57:38
	1690429960] 신규 등록
[INFO] MatchingQueue 2017-08-25 10:57:38
	1441736750] 재등록
[INFO] MatchingQueue 2017-08-25 10:57:38
	1441736750] 대기열 등록
[INFO] MatchingQueue 2017-08-25 10:57:38
	82711879] 재등록
[INFO] MatchingQueue 2017-08-25 10:57:38
	1441736750] 신규 등록
[INFO] MatchingQueue 2017-08-25 10:57:38
	82711879] 대기열 등록
[INFO] MatchingQueue 2017-08-25 10:57:38
	82711879] 신규 등록
[INFO] MatchingQueue 2017-08-25 10:57:48
	399552415] 재등록
[INFO] MatchingQueue 2017-08-25 10:57:48
	399552415] 대기열 등록
[INFO] MatchingQueue 2017-08-25 10:57:48
	399552415] 신규 등록
[INFO] MatchingQueue 2017-08-25 10:57:48
	1690429960] 재등록
[INFO] MatchingQueue 2017-08-25 10:57:48
	1690429960] 대기열 등록
[INFO] MatchingQueue 2017-08-25 10:57:48
	1690429960] 신규 등록
[INFO] MatchingQueue 2017-08-25 10:57:48
	1441736750] 재등록
[INFO] MatchingQueue 2017-08-25 10:57:48
	1441736750] 대기열 등록
[INFO] MatchingQueue 2017-08-25 10:57:48
	1441736750] 신규 등록
[INFO] MatchingQueue 2017-08-25 10:57:48
	82711879] 재등록
[INFO] MatchingQueue 2017-08-25 10:57:48
	82711879] 대기열 등록
[INFO] MatchingQueue 2017-08-25 10:57:48
	82711879] 신규 등록
[INFO] MatchingQueue 2017-08-25 10:57:58
	399552415] 재등록
[INFO] MatchingQueue 2017-08-25 10:57:58
	399552415] 대기열 등록
[INFO] MatchingQueue 2017-08-25 10:57:58
	399552415] 신규 등록
[INFO] MatchingQueue 2017-08-25 10:57:58
	1690429960] 재등록
[INFO] MatchingQueue 2017-08-25 10:57:58
	1690429960] 대기열 등록
[INFO] MatchingQueue 2017-08-25 10:57:58
	1690429960] 신규 등록
[INFO] MatchingQueue 2017-08-25 10:57:58
	1441736750] 재등록
[INFO] MatchingQueue 2017-08-25 10:57:58
	1441736750] 대기열 등록
[INFO] MatchingQueue 2017-08-25 10:57:58
	1441736750] 신규 등록
[INFO] MatchingQueue 2017-08-25 10:57:58
	82711879] 재등록
[INFO] MatchingQueue 2017-08-25 10:57:58
	82711879] 대기열 등록
[INFO] MatchingQueue 2017-08-25 10:57:58
	82711879] 신규 등록
[INFO] MatchingQueue 2017-08-25 10:58:08
	399552415] 재등록
[INFO] MatchingQueue 2017-08-25 10:58:08
	399552415] 대기열 등록
[INFO] MatchingQueue 2017-08-25 10:58:08
	399552415] 신규 등록
[INFO] MatchingQueue 2017-08-25 10:58:08
	1690429960] 재등록
[INFO] MatchingQueue 2017-08-25 10:58:08
	1690429960] 대기열 등록
[INFO] MatchingQueue 2017-08-25 10:58:08
	1690429960] 신규 등록
[INFO] MatchingQueue 2017-08-25 10:58:08
	1441736750] 재등록
[INFO] MatchingQueue 2017-08-25 10:58:08
	1441736750] 대기열 등록
[INFO] MatchingQueue 2017-08-25 10:58:08
	1441736750] 신규 등록
[INFO] MatchingQueue 2017-08-25 10:58:08
	82711879] 재등록
[INFO] MatchingQueue 2017-08-25 10:58:08
	82711879] 대기열 등록
[INFO] MatchingQueue 2017-08-25 10:58:08
	82711879] 신규 등록
[INFO] MatchingQueue 2017-08-25 10:58:18
	399552415] 재등록
[INFO] MatchingQueue 2017-08-25 10:58:18
	399552415] 대기열 등록
[INFO] MatchingQueue 2017-08-25 10:58:18
	399552415] 신규 등록
[INFO] MatchingQueue 2017-08-25 10:58:18
	1690429960] 재등록
[INFO] MatchingQueue 2017-08-25 10:58:18
	1690429960] 대기열 등록
[INFO] MatchingQueue 2017-08-25 10:58:18
	1690429960] 신규 등록
[INFO] MatchingQueue 2017-08-25 10:58:18
	1441736750] 재등록
[INFO] MatchingQueue 2017-08-25 10:58:18
	1441736750] 대기열 등록
[INFO] MatchingQueue 2017-08-25 10:58:18
	1441736750] 신규 등록
[INFO] MatchingQueue 2017-08-25 10:58:18
	82711879] 재등록
[INFO] MatchingQueue 2017-08-25 10:58:18
	82711879] 대기열 등록
[INFO] MatchingQueue 2017-08-25 10:58:18
	82711879] 신규 등록
[INFO] MatchingQueue 2017-08-25 10:58:28
	399552415] 재등록
[INFO] MatchingQueue 2017-08-25 10:58:28
	399552415] 대기열 등록
[INFO] MatchingQueue 2017-08-25 10:58:28
	399552415] 신규 등록
[INFO] MatchingQueue 2017-08-25 10:58:28
	1690429960] 재등록
[INFO] MatchingQueue 2017-08-25 10:58:28
	1690429960] 대기열 등록
[INFO] MatchingQueue 2017-08-25 10:58:28
	1690429960] 신규 등록
[INFO] MatchingQueue 2017-08-25 10:58:28
	1441736750] 재등록
[INFO] MatchingQueue 2017-08-25 10:58:28
	1441736750] 대기열 등록
[INFO] MatchingQueue 2017-08-25 10:58:28
	1441736750] 신규 등록
[INFO] MatchingQueue 2017-08-25 10:58:28
	82711879] 재등록
[INFO] MatchingQueue 2017-08-25 10:58:28
	82711879] 대기열 등록
[INFO] MatchingQueue 2017-08-25 10:58:28
	82711879] 신규 등록
[INFO] MatchingQueue 2017-08-25 10:58:38
	399552415] 재등록
[INFO] MatchingQueue 2017-08-25 10:58:38
	399552415] 대기열 등록
[INFO] MatchingQueue 2017-08-25 10:58:38
	399552415] 신규 등록
[INFO] MatchingQueue 2017-08-25 10:58:38
	1690429960] 재등록
[INFO] MatchingQueue 2017-08-25 10:58:38
	1690429960] 대기열 등록
[INFO] MatchingQueue 2017-08-25 10:58:38
	1690429960] 신규 등록
[INFO] MatchingQueue 2017-08-25 10:58:38
	1441736750] 재등록
[INFO] MatchingQueue 2017-08-25 10:58:38
	1441736750] 대기열 등록
[INFO] MatchingQueue 2017-08-25 10:58:38
	1441736750] 신규 등록
[INFO] MatchingQueue 2017-08-25 10:58:38
	82711879] 재등록
[INFO] MatchingQueue 2017-08-25 10:58:38
	82711879] 대기열 등록
[INFO] MatchingQueue 2017-08-25 10:58:38
	82711879] 신규 등록
